2017-08-04 16:49:51 ERROR  : ОШИБКА:  ошибка синтаксиса (примерное положение: "ADD")
LINE 1: ALTER TABLE Salespeople ALTER COLUMN city ADD DEFAULT 'Londo...
                                                  ^
2017-08-04 16:57:58 ERROR  : ОШИБКА:  отношение "salespeople" уже существует
2017-08-07 10:15:14 ERROR  : ОШИБКА:  ошибка синтаксиса (примерное положение: "NELL")
LINE 1: ...HAR(10) NOT NULL, rating INTEGER, snum INTHER NOT NELL, UNIQ...
                                                             ^
2017-08-07 10:15:24 ERROR  : ОШИБКА:  тип "inther" не существует
LINE 1: ...LL, cname CHAR(10) NOT NULL, rating INTEGER, snum INTHER NOT...
                                                             ^
2017-08-07 10:15:34 ERROR  : ОШИБКА:  тип "intger" не существует
LINE 1: ...LL, cname CHAR(10) NOT NULL, rating INTEGER, snum INTGER NOT...
                                                             ^
2017-08-07 10:20:11 ERROR  : ОШИБКА:  тип "decimial" не существует
LINE 1: ...num INTEGER NOT NULL, odate DATE NOT NULL, totamt DECIMIAL, ...
                                                             ^
2017-08-07 10:24:28 ERROR  : ОШИБКА:  отношение "salestotal" уже существует
2017-08-07 10:28:47 ERROR  : ОШИБКА:  ошибка синтаксиса (примерное положение: ",")
LINE 1: ...IN ('London', 'New York', 'San Jose', 'Barcelona'), comm DEC...
                                                             ^
2017-08-07 10:34:58 ERROR  : ОШИБКА:  ошибка синтаксиса (примерное положение: "CONSTRAINT")
LINE 1: CONSTRAINT
        ^
2017-08-07 10:35:29 ERROR  : ОШИБКА:  ограничение "luckybarcelona" в таблице "customers" не существует
2017-08-07 10:35:36 ERROR  : ОШИБКА:  ограничение "luckybarcelona" в таблице "customers" не существует
2017-08-07 10:36:02 ERROR  : ОШИБКА:  ограничение "luckybarcelona" в таблице "customers" не существует
2017-08-07 10:39:20 ERROR  : ОШИБКА:  ошибка синтаксиса (примерное положение: "=")
LINE 1: ...Y, sname CHAR(10) NOT NULL, city CHAR(10) DEFAULT = 'New Yor...
                                                             ^
2017-08-07 10:39:53 ERROR  : ОШИБКА:  ошибка синтаксиса (примерное положение: "=")
LINE 1: ...Y, sname CHAR(10) NOT NULL, city CHAR(10) DEFAULT = 'New Yor...
                                                             ^
2017-08-07 10:40:06 ERROR  : ОШИБКА:  ошибка синтаксиса (примерное положение: "=")
LINE 1: ...EY, sname CHAR(10) NOT NULL, city CHAR(10) DEFAULT='New York...
                                                             ^
2017-08-07 10:40:19 ERROR  : ОШИБКА:  ошибка синтаксиса (примерное положение: "=")
LINE 1: ...Y, sname CHAR(10) NOT NULL, city CHAR(10) DEFAULT = 'New Yor...
                                                             ^
2017-08-07 10:50:02 ERROR  : ОШИБКА:  колонка "raing" не существует
LINE 1: SELECT * FROM Customers WHERE raing <=100;
                                      ^
2017-08-07 11:06:11 ERROR  : ОШИБКА:  ошибка синтаксиса (примерное положение: "(")
LINE 1: ...TEGER NOT NULL, snum INTEGER NOT NULL, CONSTRAINT ( onum > c...
                                                             ^
2017-08-07 11:06:46 ERROR  : ОШИБКА:  ошибка синтаксиса (примерное положение: "(")
LINE 1: ...TEGER NOT NULL, snum INTEGER NOT NULL, CONSTRAINT (onum > cn...
                                                             ^
2017-08-07 11:07:44 ERROR  : ОШИБКА:  ошибка синтаксиса (примерное положение: ",")
LINE 1: ...T NULL, snum INTEGER NOT NULL, CHECK ( onum > cnum, cnum > s...
                                                             ^
2017-08-07 11:07:55 ERROR  : ОШИБКА:  ошибка синтаксиса (примерное положение: ">")
LINE 1: ... NULL, snum INTEGER NOT NULL, CHECK ( onum > cnum > snum ));
                                                             ^
2017-08-07 11:08:10 ERROR  : ОШИБКА:  ошибка синтаксиса (примерное положение: ",")
LINE 1: ...T NULL, snum INTEGER NOT NULL, CHECK ( onum > cnum, cnum > s...
                                                             ^
2017-08-07 11:50:11 ERROR  : ОШИБКА:  удалить объект таблица salespeople нельзя, так как от него зависят другие объекты
DETAIL:  ограничение customers_snum_fkey в отношении таблица customers зависит от объекта таблица salespeople
HINT:  Для удаления зависимых объектов используйте DROP ... CASCADE.
2017-08-07 11:53:42 ERROR  : ОШИБКА:  колонка "city", указанная в ограничении внешнего ключа, не существует
2017-08-07 12:19:09 ERROR  : ОШИБКА:  ошибка синтаксиса (примерное положение: "AFTER")
LINE 1: ALTER TABLE Customers ADD COLUMN rating INTEGER AFTER city;
                                                        ^
2017-08-07 12:19:20 ERROR  : ОШИБКА:  ошибка синтаксиса (примерное положение: "city")
LINE 1: ALTER TABLE Customers ADD COLUMN rating INTEGER city;
                                                        ^
2017-08-07 12:21:22 ERROR  : ОШИБКА:  ошибка синтаксиса (примерное положение: "Custtosales")
LINE 1: ALTER TABLE Salespeople ADD FOREIGN KEY (snum) Custtosales R...
                                                       ^
2017-08-07 12:23:21 ERROR  : ОШИБКА:  удалить объект таблица salespeople нельзя, так как от него зависят другие объекты
DETAIL:  ограничение customers_snum_fkey в отношении таблица customers зависит от объекта таблица salespeople
HINT:  Для удаления зависимых объектов используйте DROP ... CASCADE.
2017-08-07 12:23:55 ERROR  : ОШИБКА:  ошибка синтаксиса (примерное положение: "CASCADE")
LINE 1: DROP CASCADE Salespeople;
             ^
2017-08-07 12:24:10 ERROR  : ОШИБКА:  удалить объект таблица salespeople нельзя, так как от него зависят другие объекты
DETAIL:  ограничение customers_snum_fkey в отношении таблица customers зависит от объекта таблица salespeople
HINT:  Для удаления зависимых объектов используйте DROP ... CASCADE.
2017-08-07 12:24:58 ERROR  : ОШИБКА:  таблица "salespeople" не существует
2017-08-07 12:26:30 ERROR  : ОШИБКА:  тип "intger" не существует
LINE 1: CREATE TABLE Salespepople (snum INTGER NOT NULL PRIMARY KEY,...
                                        ^
2017-08-07 12:26:36 ERROR  : ОШИБКА:  тип "inetger" не существует
LINE 1: CREATE TABLE Salespepople (snum INETGER NOT NULL PRIMARY KEY...
                                        ^
2017-08-07 12:28:37 ERROR  : ОШИБКА:  ошибка синтаксиса (примерное положение: "Custtosales")
LINE 1: ... rating INTEGER, snum INTEGER, FOREIGN KEY (snum) Custtosale...
                                                             ^
2017-08-07 12:29:45 ERROR  : ОШИБКА:  ошибка синтаксиса (примерное положение: "CONSTRAINT")
LINE 1: ... rating INTEGER, snum INTEGER, FOREIGN KEY (snum) CONSTRAINT...
                                                             ^
2017-08-07 12:50:34 ERROR  : ОШИБКА:  ошибка синтаксиса (примерное положение: "Custtosales")
LINE 1: ...AR(10), rating INTEGER, snum INTEGER, FOREIGN KEY Custtosale...
                                                             ^
2017-08-07 12:50:50 ERROR  : ОШИБКА:  ошибка синтаксиса (примерное положение: "snum")
LINE 1: ...AR(10), rating INTEGER, snum INTEGER, FOREIGN KEY snum REFER...
                                                             ^
2017-08-07 12:50:56 ERROR  : ОШИБКА:  отношение "salespeople" не существует
2017-08-07 12:51:52 ERROR  : ОШИБКА:  отношение "salespepople" уже существует
2017-08-07 12:52:12 ERROR  : ОШИБКА:  отношение "salespeople" не существует
2017-08-07 12:52:41 ERROR  : ОШИБКА:  отношение "salespeople" не существует
2017-08-07 12:54:27 ERROR  : ОШИБКА:  отношение "salespeople" не существует
2017-08-07 12:54:30 ERROR  : ОШИБКА:  отношение "salespeople" не существует
2017-08-07 12:58:45 ERROR  : ОШИБКА:  отношение "salespeople" не существует
2017-08-07 12:59:39 ERROR  : ОШИБКА:  отношение "salespeople" не существует
2017-08-07 13:00:05 ERROR  : ОШИБКА:  отношение "Salespeople" не существует
2017-08-07 13:00:37 ERROR  : ОШИБКА:  отношение "public.Salespeople" не существует
2017-08-07 13:02:07 ERROR  : ОШИБКА:  ошибка синтаксиса (примерное положение: ";")
LINE 1: ALTER TABLE Salespeopople RENAME Salespeople;
                                                    ^
2017-08-07 13:02:32 ERROR  : ОШИБКА:  отношение "salespeopople" не существует
2017-08-07 13:05:23 ERROR  : ОШИБКА:  колонка "cnum", указанная в ограничении внешнего ключа, не существует
2017-08-07 13:06:40 ERROR  : ОШИБКА:  колонка "cnum", указанная в ограничении внешнего ключа, не существует
2017-08-07 13:38:00 ERROR  : ОШИБКА:  колонка "snum", указанная в ограничении внешнего ключа, не существует
2017-08-07 13:38:36 ERROR  : ОШИБКА:  в целевой внешней таблице "customers" нет ограничения уникальности, соответствующего данным ключам
2017-08-07 13:38:44 ERROR  : ОШИБКА:  в целевой внешней таблице "customers" нет ограничения уникальности, соответствующего данным ключам
2017-08-07 13:44:50 ERROR  : ОШИБКА:  удалить объект таблица customers нельзя, так как от него зависят другие объекты
DETAIL:  ограничение ordtocust в отношении таблица orders зависит от объекта таблица customers
HINT:  Для удаления зависимых объектов используйте DROP ... CASCADE.
2017-08-07 13:47:30 ERROR  : ОШИБКА:  тип "cahr" не существует
LINE 1: ...stomers (cnum INTEGER NOT NULL PRIMARY KEY, canme CAHR(10) N...
                                                             ^
2017-08-07 13:52:08 ERROR  : ОШИБКА:  ошибка синтаксиса (примерное положение: "CASCADE")
LINE 1: ...FERENCES Customers ON UPDATE CASCADE ON DELETE NO CASCADE, s...
                                                             ^
2017-08-07 13:52:22 ERROR  : ОШИБКА:  ошибка синтаксиса (примерное положение: "ON")
LINE 1: ... REFERENCES Customers ON UPDATE CASCADE ON DELETE ON CASCADE...
                                                             ^
2017-08-07 13:57:00 ERROR  : ОШИБКА:  отношение "employess" не существует
2017-08-07 14:01:39 ERROR  : ОШИБКА:  ошибка синтаксиса (примерное положение: "FOREIGN")
LINE 1: ALTER TABLE Employees ADD CONSTRAINT FOREIGN KEY (manager) R...
                                             ^
2017-08-07 14:12:59 ERROR  : ОШИБКА:  ошибка синтаксиса (примерное положение: "Cityorders")
LINE 1: CREATE Cityorders (onum INTEGER NOT NULL PRIMARY KEY, amt DE...
               ^
2017-08-07 14:23:41 ERROR  : ОШИБКА:  в целевой внешней таблице "orders" нет ограничения уникальности, соответствующего данным ключам
2017-08-07 14:27:38 ERROR  : ОШИБКА:  колонка "peel" не существует
LINE 1: INSERT INTO Salespeople VALUES (1001, Peel, 'London', .12);
                                              ^
2017-08-07 14:29:48 ERROR  : ОШИБКА:  тип "cahr" не существует
LINE 1: ALTER TABLE Customers ADD COLUMN city CAHR(10);
                                              ^
2017-08-07 14:30:53 ERROR  : ОШИБКА:  колонка "cname" в таблице "customers" не существует
LINE 1: INSERT INTO Customers(city, cname, cnum) VALUES ('London', '...
                                    ^
2017-08-07 14:33:37 ERROR  : ОШИБКА:  отношение "londonstaff" не существует
LINE 1: INSERT INTO Londonstaff SELECT * FROM Salespeople WHERE city...
                    ^
2017-08-07 14:42:16 ERROR  : ОШИБКА:  повторяющееся значение ключа нарушает ограничение уникальности "londonstaff_pkey"
DETAIL:  Ключ "(snum)=(1001)" уже существует.
2017-08-07 16:10:19 ERROR  : ОШИБКА:  колонка "name" в таблице "salespeople" не существует
LINE 1: UPDATE Salespeople SET name = 'Gibson', city = 'Boston', com...
                               ^
2017-08-07 16:21:36 ERROR  : ОШИБКА:  колонка "caomm" не существует
LINE 1: UPDATE Salespeople SET comm = caomm * 2;
                                      ^
2017-08-07 16:27:30 ERROR  : ОШИБКА:  колонка "name" в таблице "salespeople" не существует
LINE 1: INSERT INTO Salespeople (city, name, comm, snum) VALUES ('Sa...
                                       ^
2017-08-08 09:27:58 ERROR  : ОШИБКА:  повторяющееся значение ключа нарушает ограничение уникальности "salespepople_pkey"
DETAIL:  Ключ "(snum)=(1001)" уже существует.
2017-08-08 10:05:56 ERROR  : ОШИБКА:  INSERT или UPDATE в таблице "orders" нарушает ограничение внешнего ключа "orders_cnum_fkey"
DETAIL:  Ключ (cnum)=(2002) отсутствует в таблице "customers".
2017-08-08 10:07:56 ERROR  : ОШИБКА:  INSERT или UPDATE в таблице "orders" нарушает ограничение внешнего ключа "orders_cnum_fkey"
DETAIL:  Ключ (cnum)=(2003) отсутствует в таблице "customers".
2017-08-08 10:10:13 ERROR  : ОШИБКА:  колонка "orders.onum" должна фигурировать в предложении GROUP BY или использоваться в агрегатной функции
LINE 1: SELECT * FROM Orders GROUP BY snum;
               ^
2017-08-08 10:55:33 ERROR  : ОШИБКА:  ошибка синтаксиса (примерное положение: "INTERVAL")
LINE 1: INTERVAL YEAR TO MONTH '4/11';
        ^
2017-08-08 10:56:04 ERROR  : ОШИБКА:  ошибка синтаксиса (примерное положение: "DATE")
LINE 1: DATE '2/4/98' + INTERVAL YEAR TO MONTH '4/11';
        ^
2017-08-08 10:56:06 ERROR  : ОШИБКА:  ошибка синтаксиса (примерное положение: "DATE")
LINE 1: DATE '2/4/98' + INTERVAL YEAR TO MONTH '4/11';
        ^
2017-08-08 10:56:14 ERROR  : ОШИБКА:  ошибка синтаксиса (примерное положение: "DATE")
LINE 1: DATE '2/4/98' + INTERVAL YEAR TO MONTH '4/11'
        ^
2017-08-08 10:57:59 ERROR  : ОШИБКА:  ошибка синтаксиса (примерное положение: "SESSION_USER")
LINE 1: SESSION_USER
        ^
2017-08-08 10:58:11 ERROR  : ОШИБКА:  ошибка синтаксиса (примерное положение: "CURRENT_USER")
LINE 1: CURRENT_USER
        ^
2017-08-08 10:58:53 ERROR  : ОШИБКА:  отношение "system_user" не существует
LINE 1: SELECT * FROM SYSTEM_USER;
                      ^
2017-08-08 10:59:50 ERROR  : ОШИБКА:  ошибка синтаксиса (примерное положение: "CAST")
LINE 1: CAST ('12/03/2001' AS DATE);
        ^
2017-08-09 09:09:53 ERROR  : ОШИБКА:  оператор не существует: character = boolean
LINE 1: SELECT CASE sname WHEN sname = 'Peel' THEN 'Peal' END FROM S...
                          ^
HINT:  Оператор с данными именем и типами аргументов не найден. Возможно, вам следует добавить явные приведения типов.
2017-08-09 09:12:46 ERROR  : ОШИБКА:  колонка "scname" не существует
LINE 1: SELECT NULLIF(snum, 1001), scname FROM Salespeople;
                                   ^
2017-08-09 09:17:59 ERROR  : ОШИБКА:  ошибка синтаксиса (примерное положение: "INSER")
LINE 1: INSER INTO Orders(onum, odate, amt, cnum. snum) VALUES (1 + ...
        ^
2017-08-09 09:18:05 ERROR  : ОШИБКА:  ошибка синтаксиса (примерное положение: "SELECT")
LINE 1: ...num, odate, amt, cnum. snum) VALUES (1 + COALESCE(SELECT MAX...
                                                             ^
2017-08-09 09:26:19 ERROR  : ОШИБКА:  колонка "odaate" не существует
LINE 1: SELECT snum, odaate, MAX(amt) FROM orders GROUP BY snum, oda...
                     ^
2017-08-09 09:31:29 ERROR  : ОШИБКА:  колонка "orders.odate" должна фигурировать в предложении GROUP BY или использоваться в агрегатной функции
LINE 1: SELECT snum, odate, MAX(amt) FROM orders GROUP BY snum ORDER...
                     ^
2017-08-09 09:44:23 ERROR  : ОШИБКА:  колонка "sname" не существует
LINE 1: SELECT sname, COUNT(onum) FROM Orders GROUP BY snum ORDER BY...
               ^
2017-08-09 10:02:52 ERROR  : ОШИБКА:  таблица "customer" отсутствует в предложении FROM
LINE 1: SELECT Customer.cname, Salespeople.sname FROM Customers, Sal...
               ^
2017-08-09 10:17:13 ERROR  : ОШИБКА:  отношение "city" не существует
LINE 1: SELECT * FROM Salespeople INNER JOIN city ON Customers.city ...
                                             ^
2017-08-09 10:45:20 ERROR  : ОШИБКА:  ошибка синтаксиса (примерное положение: "Order")
LINE 1: SELECT onum, cname, Order.cnum, Orders.snum FROM Salespeople...
                            ^
2017-08-09 10:52:59 ERROR  : ОШИБКА:  отношение "customer" не существует
LINE 1: ...LECT first.cname, second.cname, first.rating FROM Customer f...
                                                             ^
2017-08-09 11:27:40 ERROR  : ОШИБКА:  ошибка синтаксиса (примерное положение: ".")
LINE 1: SELECT under.empno, under.name, over.name FROM Employees und...
                                            ^
2017-08-09 11:31:39 ERROR  : ОШИБКА:  ошибка синтаксиса (примерное положение: ",")
LINE 1: ...a.onum FROM Orders a, Bustomers b WHERE a.cnum = b,cnum AND ...
                                                             ^
2017-08-09 11:31:53 ERROR  : ОШИБКА:  отношение "bustomers" не существует
LINE 1: ...ECT a.snum, b.snum, a.cnum, a.onum FROM Orders a, Bustomers ...
                                                             ^
2017-08-09 11:40:00 ERROR  : ОШИБКА:  колонка a.сnum не существует
LINE 1: SELECT a.сnum, b.сnum, a.cnum, a.сnum FROM Customers a, Cust...
               ^
2017-08-09 11:40:20 ERROR  : ОШИБКА:  колонка a.сnum не существует
LINE 1: SELECT a.сnum, b.сnum, a.cnum, a.сnum FROM Customers a, Cust...
               ^
2017-08-09 11:40:49 ERROR  : ОШИБКА:  колонка a.сnum не существует
LINE 1: SELECT a.сnum, b.сnum, c.сnum FROM Customers a, Customers b,...
               ^
2017-08-09 11:41:11 ERROR  : ОШИБКА:  ошибка синтаксиса (примерное положение: "a")
LINE 1: SELECT a.сnumFROM Customers a;
                                    ^
2017-08-09 11:41:30 ERROR  : ОШИБКА:  колонка a.сnum не существует
LINE 1: SELECT a.сnum, b.сnum, c.сnum FROM Customers a, Customers b,...
               ^
2017-08-09 11:42:00 ERROR  : ОШИБКА:  колонка b.сnum не существует
LINE 1: SELECT a.cnum, b.сnum, c.сnum FROM Customers a, Customers b,...
                       ^
2017-08-09 11:42:08 ERROR  : ОШИБКА:  колонка c.сnum не существует
LINE 1: SELECT a.cnum, b.cnum, c.сnum FROM Customers a, Customers b,...
                               ^
2017-08-09 11:52:40 ERROR  : ОШИБКА:  отношение "salespople" не существует
LINE 1: SELECT Salespeople.snum, Customers.city FROM Salespople CROS...
                                                     ^
2017-08-09 14:32:58 ERROR  : ОШИБКА:  ошибка синтаксиса (примерное положение: "Salespeople")
LINE 1: SELECT UNIQUE Salespeople.snum, Customers.city FROM Salespeo...
                      ^
2017-08-09 14:33:12 ERROR  : ОШИБКА:  ошибка синтаксиса (примерное положение: "UNIQUE")
LINE 1: ...Customers.city FROM Salespeople CROSS JOIN Customers UNIQUE;
                                                                ^
2017-08-09 14:36:08 ERROR  : ОШИБКА:  отношение "b" не существует
LINE 1: ...m, a.sname, b.cnum, b.amt FROM Salespeople a NATURAL JOIN b;
                                                                     ^
2017-08-09 14:38:03 ERROR  : ОШИБКА:  колонка b.amt не существует
LINE 1: SELECT a.snum, a.sname, b.cnum, b.amt FROM Salespeople a NAT...
                                        ^
2017-08-09 14:38:14 ERROR  : ОШИБКА:  колонка b.amt не существует
LINE 1: SELECT a.snum, a.sname, b.cnum, b.amt FROM Salespeople a NAT...
                                        ^
2017-08-09 14:39:52 ERROR  : ОШИБКА:  колонка b.amt не существует
LINE 1: SELECT a.snum, a.sname, b.cnum, b.amt FROM Salespeople a, Cu...
                                        ^
2017-08-09 14:52:53 ERROR  : ОШИБКА:  ошибка синтаксиса (примерное положение: "ON")
LINE 1: ...ame, Salespeople.city FROM Salespeople, Customers ON Salespe...
                                                             ^
2017-08-09 14:53:45 ERROR  : ОШИБКА:  ошибка синтаксиса (примерное положение: "ON")
LINE 1: ...ame, Salespeople.city FROM Salespeople, Customers ON Salespe...
                                                             ^
2017-08-09 15:06:56 ERROR  : ОШИБКА:  ошибка синтаксиса (примерное положение: "USING")
LINE 1: ...ame, Salespeople.city FROM Salespeople, Customers USING (cit...
                                                             ^
2017-08-09 15:06:57 ERROR  : ОШИБКА:  ошибка синтаксиса (примерное положение: "USING")
LINE 1: ...ame, Salespeople.city FROM Salespeople, Customers USING (cit...
                                                             ^
2017-08-09 15:07:13 ERROR  : ОШИБКА:  ошибка синтаксиса (примерное положение: "USING")
LINE 1: ...me, Salespeople.city FROM Salespeople, Customers, USING (cit...
                                                             ^
2017-08-09 15:08:03 ERROR  : ОШИБКА:  ошибка синтаксиса (примерное положение: "USING")
LINE 1: ...um, a.scnum, onum, amt FROM Customers a, Orders b USING (cnu...
                                                             ^
2017-08-09 15:09:09 ERROR  : ОШИБКА:  ошибка синтаксиса (примерное положение: "USING")
LINE 1: ..., onum, amt FROM Customers a, Orders b INNER JOIN USING (cnu...
                                                             ^
2017-08-09 15:12:21 ERROR  : ОШИБКА:  отношение "city" не существует
LINE 1: SELECT * FROM Salespeople INNER JOIN city ON Salespeople.cit...
                                             ^
2017-08-09 15:12:43 ERROR  : ОШИБКА:  отношение "snum" не существует
LINE 1: SELECT * FROM Salespeople INNER JOIN snum ON Salespeople.cit...
                                             ^
2017-08-09 15:23:19 ERROR  : ОШИБКА:  ошибка синтаксиса (примерное положение: "JOIN")
LINE 1: ..., sname, b.cnum, b.cname FROM Salespeople a UNION JOIN Custo...
                                                             ^
2017-08-09 15:29:34 ERROR  : ОШИБКА:  ошибка синтаксиса (примерное положение: ";")
LINE 1: SELECT * FROM Salespeople INNER JOIN Customers;
                                                      ^
2017-08-09 15:31:32 ERROR  : ОШИБКА:  ошибка синтаксиса (примерное положение: ";")
LINE 1: SELECT * FROM Salespeople NATURAL INNER;
                                               ^
2017-08-09 15:31:38 ERROR  : ОШИБКА:  ошибка синтаксиса (примерное положение: ";")
LINE 1: SELECT * FROM Salespeople NATURAL INNER JOIN;
                                                    ^
2017-08-09 15:31:53 ERROR  : ОШИБКА:  отношение "cusomers" не существует
LINE 1: SELECT * FROM Salespeople NATURAL INNER JOIN Cusomers;
                                                     ^
2017-08-09 15:52:07 ERROR  : ОШИБКА:  ошибка синтаксиса (примерное положение: ";")
LINE 1: CREATE TABLE City (id INTEGER, name CHAR(10);
                                                    ^
2017-08-09 15:59:16 ERROR  : ОШИБКА:  в таблице слева нет колонки "id", указанной в предложении USING
2017-08-09 15:59:42 ERROR  : ОШИБКА:  в таблице справа нет колонки "cityid", указанной в предложении USING
2017-08-09 15:59:58 ERROR  : ОШИБКА:  в таблице слева нет колонки "id", указанной в предложении USING
2017-08-09 16:03:38 ERROR  : ОШИБКА:  ошибка синтаксиса (примерное положение: "CityID")
LINE 1: ALTER TABLE Person ADD FOREIGN KEY CityID REFERENCE City;
                                           ^
2017-08-09 16:04:39 ERROR  : ОШИБКА:  ошибка синтаксиса (примерное положение: "REFERENCE")
LINE 1: ALTER TABLE Person ADD FOREIGN KEY (CityID) REFERENCE City;
                                                    ^
2017-08-09 16:04:54 ERROR  : ОШИБКА:  INSERT или UPDATE в таблице "person" нарушает ограничение внешнего ключа "person_cityid_fkey"
DETAIL:  Ключ (cityid)=(4) отсутствует в таблице "city".
2017-08-09 16:05:43 ERROR  : ОШИБКА:  ошибка синтаксиса (примерное положение: ";")
LINE 1: SELECT * FROM Person LEFT JOIN City;
                                           ^
2017-08-10 08:12:48 ERROR  : ОШИБКА:  ошибка синтаксиса (примерное положение: "0.17")
LINE 1: SELECT * FROM Salespeople WHERE comm BETWEEN 0.10 0.17
                                                          ^
2017-08-10 08:13:02 ERROR  : ОШИБКА:  ошибка синтаксиса (примерное положение: ";")
LINE 1: SELECT * FROM Salespeople WHERE comm BETWEEN (0.10, 0.17);
                                                                 ^
2017-08-10 08:31:57 ERROR  : ОШИБКА:  подзапрос в выражении вернул больше одной строки
2017-08-10 08:40:01 ERROR  : ОШИБКА:  ошибка синтаксиса (примерное положение: ",")
LINE 1: ... Orders.snum FROM Orders, Salespeople WHERE Orders,snum = Sa...
                                                             ^
2017-08-10 08:40:08 ERROR  : ОШИБКА:  колонка salespeople.cnum не существует
LINE 1: ...snum FROM Orders, Salespeople WHERE Orders.snum = Salespeopl...
                                                             ^
2017-08-10 08:58:45 ERROR  : ОШИБКА:  ошибка синтаксиса (примерное положение: "outer")
LINE 1: SELECT * FROM Customers outer WHERE '10/03/2000' IN (SELECT ...
                                ^
2017-08-10 09:17:26 ERROR  : ОШИБКА:  ошибка синтаксиса (примерное положение: "outer")
LINE 1: SELECT * FROM Orders outer WHERE amt > (SELECT AVG(amt) FROM...
                             ^
2017-08-10 09:39:00 ERROR  : ОШИБКА:  ошибка синтаксиса (примерное положение: "SELCET")
LINE 1: SELCET DSITINCT FROM Customers outerr WHERE EXISTS (SELECT C...
        ^
2017-08-10 09:39:09 ERROR  : ОШИБКА:  ошибка синтаксиса (примерное положение: "WHER")
LINE 1: ...mers outerr WHERE EXISTS (SELECT Customers innerr WHER inner...
                                                             ^
2017-08-10 09:39:16 ERROR  : ОШИБКА:  колонка "dsitinct" не существует
LINE 1: SELECT DSITINCT FROM Customers outerr WHERE EXISTS (SELECT C...
               ^
2017-08-10 09:39:27 ERROR  : ОШИБКА:  колонка "disiinct" не существует
LINE 1: SELECT DISIINCT FROM Customers outerr WHERE EXISTS (SELECT C...
               ^
2017-08-10 09:39:36 ERROR  : ОШИБКА:  ошибка синтаксиса (примерное положение: "FROM")
LINE 1: SELECT DISTINCT FROM Customers outerr WHERE EXISTS (SELECT C...
                        ^
2017-08-10 09:39:57 ERROR  : ОШИБКА:  колонка "sbun" не существует
LINE 1: SELECT DISTINCT sbun FROM Customers outerr WHERE EXISTS (SEL...
                        ^
2017-08-10 09:40:09 ERROR  : ОШИБКА:  колонка "customers" не существует
LINE 1: ...T snum FROM Customers outerr WHERE EXISTS (SELECT Customers ...
                                                             ^
2017-08-10 09:44:55 ERROR  : ОШИБКА:  отношение "slaespeople" не существует
LINE 1: ...ECT DISTINCT firstr.snum, sname, firstr.city FROM Slaespeopl...
                                                             ^
2017-08-10 09:49:17 ERROR  : ОШИБКА:  ошибка синтаксиса (примерное положение: "EXISTS")
LINE 1: EXISTS (SELECT sname FROM Salespeople);
        ^
2017-08-10 09:55:50 ERROR  : ОШИБКА:  отношение "salesepeople" не существует
LINE 2:  FROM Salesepeople firstr
              ^
2017-08-10 14:59:43 ERROR  : ОШИБКА:  ошибка синтаксиса (примерное положение: "city")
LINE 1: ...rating = ALL (SELECT rating FROM Customers WHERER city = 'Mi...
                                                             ^
2017-08-10 14:59:51 ERROR  : ОШИБКА:  незавершённая строка в кавычках (примерное положение: "'Milan);")
LINE 1: ...ng = ALL (SELECT rating FROM Customers WHERE city = 'Milan);
                                                               ^
2017-08-10 14:59:56 ERROR  : ОШИБКА:  отношение "customer" не существует
LINE 1: SELECT * FROM Customer WHERE rating = ALL (SELECT rating FRO...
                      ^
2017-08-10 15:01:00 ERROR  : ОШИБКА:  повторяющееся значение ключа нарушает ограничение уникальности "customers_pkey"
DETAIL:  Ключ "(cnum)=(2001)" уже существует.
2017-08-10 15:01:07 ERROR  : ОШИБКА:  повторяющееся значение ключа нарушает ограничение уникальности "customers_pkey"
DETAIL:  Ключ "(cnum)=(2001)" уже существует.
2017-08-10 16:00:14 ERROR  : ОШИБКА:  ошибка синтаксиса (примерное положение: "outer")
LINE 2:  FROM Customers outer
                        ^
2017-08-10 16:02:30 ERROR  : ОШИБКА:  ошибка синтаксиса (примерное положение: "PLAN")
LINE 1: EXPLAIN PLAN SELECT *
                ^
2017-08-10 16:03:46 ERROR  : ОШИБКА:  ошибка синтаксиса (примерное положение: "EXPLAIN")
LINE 1: ..., VERBOSE off, COSTS on, BUFFERS off, TIMING off )EXPLAIN SE...
                                                             ^
2017-08-10 16:42:28 ERROR  : ОШИБКА:  неверное предложение UNION/INTERSECT/EXCEPT ORDER BY
LINE 15:  WHERE c.odate = b .odate) ORDER BY (3, 4);
                                             ^
DETAIL:  Допустимо использование только имён колонок, но не выражений или функций.
HINT:  Добавьте выражение/функцию в каждый SELECT или перенесите UNION в предложение FROM.
2017-08-10 16:48:09 ERROR  : ОШИБКА:  повторяющееся значение ключа нарушает ограничение уникальности "salespepople_pkey"
DETAIL:  Ключ "(snum)=(1020)" уже существует.
2017-08-10 16:51:01 ERROR  : ОШИБКА:  таблица "sname" отсутствует в предложении FROM
LINE 7: SELECT snum, sname. NULL
                     ^
2017-08-11 09:12:50 ERROR  : ОШИБКА:  функция nulllif(integer, integer) не существует
LINE 5: SELECT snum, sname, NULLLIF(1,1)
                            ^
HINT:  Функция с данными именем и типами аргументов не найдена. Возможно, вам следует добавить явные приведения типов.
2017-08-11 09:12:56 ERROR  : ОШИБКА:  таблица "s" отсутствует в предложении FROM
LINE 10:    WHERE s.snum = o.snum)
                  ^
2017-08-11 09:46:18 ERROR  : ОШИБКА:  колонка "snmae" не существует
LINE 1: SELECT  snum, snmae, 'More that one customer assigned'
                      ^
2017-08-11 09:47:39 ERROR  : ОШИБКА:  таблица "s" отсутствует в предложении FROM
LINE 3:   WHERE snum = s.snum;
                       ^
2017-08-11 09:55:39 ERROR  : ОШИБКА:  ошибка синтаксиса (примерное положение: ";")
LINE 24: ORDER BY 2 DESC;
                        ^
2017-08-11 10:03:06 ERROR  : ОШИБКА:  нулевое значение в колонке "odate" нарушает ограничение NOT NULL
DETAIL:  Ошибочная строка содержит (21, null, null, 2002, null).
2017-08-11 10:03:09 ERROR  : ОШИБКА:  нулевое значение в колонке "odate" нарушает ограничение NOT NULL
DETAIL:  Ошибочная строка содержит (21, null, null, 2002, null).
2017-08-11 10:24:43 ERROR  : ОШИБКА:  отношение "londonstaff" уже существует
2017-08-11 10:30:41 ERROR  : ОШИБКА:  ошибка синтаксиса (примерное положение: "Seklect")
LINE 2:  AS Seklect snum, sname, city
            ^
2017-08-11 10:56:57 ERROR  : ОШИБКА:  изменить данные в представлении "salesown" нельзя
HINT:  Для этого нужно безусловное правило ON UPDATE DO INSTEAD или триггер INSTEAD OF UPDATE.
2017-08-11 11:00:40 ERROR  : ОШИБКА:  отношение "accesslog" не существует
LINE 1: ...update AS ON UPDATE TO Salesown DO INSTEAD UPDATE accesslog ...
                                                             ^
2017-08-11 11:01:16 ERROR  : ОШИБКА:  отношение "hosts" не существует
2017-08-11 11:02:42 ERROR  : ОШИБКА:  отношение "urls" не существует
2017-08-11 11:03:36 ERROR  : ОШИБКА:  отношение "accesslog" не существует
LINE 1: ...update AS ON UPDATE TO Salesown DO INSTEAD UPDATE accesslog ...
                                                             ^
2017-08-11 11:03:48 ERROR  : ОШИБКА:  ошибка синтаксиса (примерное положение: ";")
LINE 1: ... Salesown_update AS ON UPDATE TO Salesown DO INSTEAD UPDATE;
                                                                      ^
2017-08-11 11:04:36 ERROR  : ОШИБКА:  отношение "visits" не существует
2017-08-11 11:04:51 ERROR  : ОШИБКА:  колонка new.comment не существует
LINE 2: ...alesown DO INSTEAD UPDATE accesslog SET comment = NEW.commen...
                                                             ^
2017-08-11 11:06:22 ERROR  : ОШИБКА:  удалить объект таблица urls нельзя, так как от него зависят другие объекты
DETAIL:  ограничение accesslog_url_fkey в отношении таблица accesslog зависит от объекта таблица urls
ограничение accesslog_referer_fkey в отношении таблица accesslog зависит от объекта таблица urls
HINT:  Для удаления зависимых объектов используйте DROP ... CASCADE.
2017-08-11 11:06:45 ERROR  : ОШИБКА:  ошибка синтаксиса (примерное положение: "CASCADE")
LINE 1: DROP CASCADE urls;
             ^
2017-08-11 11:06:59 ERROR  : ОШИБКА:  ошибка синтаксиса (примерное положение: "urls")
LINE 1: DROP urls CASCADE;
             ^
2017-08-11 11:07:00 ERROR  : ОШИБКА:  ошибка синтаксиса (примерное положение: "urls")
LINE 1: DROP urls CASCADE;
             ^
2017-08-11 11:38:08 ERROR  : ОШИБКА:  отношение "totalforday" не существует
LINE 1: SELECT * FROM Totalforday
                      ^
2017-08-11 11:46:46 ERROR  : ОШИБКА:  отношение "namerorders" не существует
LINE 1: SELECT * FROM Namerorders;
                      ^
2017-08-11 11:46:48 ERROR  : ОШИБКА:  отношение "namerorders" не существует
LINE 1: SELECT * FROM Namerorders;
                      ^
2017-08-11 11:51:22 ERROR  : ОШИБКА:  ошибка синтаксиса (примерное положение: "AND")
LINE 4:  AND b.amt = 
         ^
2017-08-11 12:05:54 ERROR  : ОШИБКА:  нулевое значение в колонке "odate" нарушает ограничение NOT NULL
DETAIL:  Ошибочная строка содержит (23, null, null, null, null).
2017-08-11 12:05:56 ERROR  : ОШИБКА:  нулевое значение в колонке "odate" нарушает ограничение NOT NULL
DETAIL:  Ошибочная строка содержит (23, null, null, null, null).
2017-08-11 12:05:58 ERROR  : ОШИБКА:  нулевое значение в колонке "odate" нарушает ограничение NOT NULL
DETAIL:  Ошибочная строка содержит (23, null, null, null, null).
2017-08-11 12:10:08 ERROR  : ОШИБКА:  нулевое значение в колонке "odate" нарушает ограничение NOT NULL
DETAIL:  Ошибочная строка содержит (1012, null, null, null, null).
2017-08-11 12:10:11 ERROR  : ОШИБКА:  нулевое значение в колонке "odate" нарушает ограничение NOT NULL
DETAIL:  Ошибочная строка содержит (1012, null, null, null, null).
2017-08-11 12:24:44 ERROR  : ОШИБКА:  отношение "citymatch" уже существует
2017-08-11 13:18:57 ERROR  : ОШИБКА:  ошибка синтаксиса (примерное положение: "SELCE")
LINE 2:  AS SELCE odate, COUNT(*)
            ^
2017-08-11 13:27:20 ERROR  : ОШИБКА:  ошибка синтаксиса (примерное положение: "SEKECT")
LINE 2:  AS SEKECT cnum, rating
            ^
2017-08-11 13:28:06 ERROR  : ОШИБКА:  вставить данные в представление "highratings" нельзя
HINT:  Для этого нужно безусловное правило ON INSERT DO INSTEAD или триггер INSTEAD OF INSERT.
2017-08-15 10:13:05 ERROR  : ОШИБКА:  роль "adrian" не существует
2017-08-15 10:17:22 ERROR  : ОШИБКА:  нераспознанное право: "slect"
2017-08-15 10:28:24 ERROR  : ОШИБКА:  схема "diane" не существует
2017-08-15 10:28:34 ERROR  : ОШИБКА:  схема "diana" не существует
2017-08-15 10:28:49 ERROR  : ОШИБКА:  схема "diana" не существует
2017-08-15 10:47:59 ERROR  : ОШИБКА:  предложение WITH CHECK OPTION ещё не реализовано
2017-08-15 10:53:21 ERROR  : ОШИБКА:  удалить объект таблица salespeople нельзя, так как от него зависят другие объекты
DETAIL:  ограничение customers_snum_fkey в отношении таблица customers зависит от объекта таблица salespeople
ограничение orders_snum_fkey в отношении таблица orders зависит от объекта таблица salespeople
представление salesown зависит от объекта таблица salespeople
представление londonstaff зависит от объекта таблица salespeople
представление nameorders зависит от объекта таблица salespeople
представление elitesalesforce зависит от объекта таблица salespeople
представление bonus зависит от объекта представление elitesalesforce
представление londonpeople зависит от объекта таблица salespeople
представление citymatch зависит от объекта таблица salespeople
представление clairesview зависит от объекта таблица salespeople
HINT:  Для удаления зависимых объектов используйте DROP ... CASCADE.
2017-08-15 10:55:10 ERROR  : ОШИБКА:  тип "decimial" не существует
LINE 1: ... NOT NULL, city CHAR(10) REFERENCES Offices, comm DECIMIAL);
                                                             ^
2017-08-15 10:57:49 ERROR  : ОШИБКА:  INSERT содержит больше выражений, чем целевых колонок
LINE 4: INSERT INTO Offices VALUES ('London', 'San Jose', 'Barcelona...
                                              ^
2017-08-15 11:34:46 ERROR  : Error connecting to the server: ВАЖНО:  пользователь "postgres" не прошёл проверку подлинности (по паролю)

2017-08-15 11:35:02 ERROR  : Error connecting to the server: ВАЖНО:  пользователь "postgres" не прошёл проверку подлинности (по паролю)

2017-08-15 11:37:15 ERROR  : ОШИБКА:  ошибка синтаксиса (примерное положение: "123")
LINE 1: CREATE TABLE 123 (int INTEGER NOT NULL PRIMARY KEY);
                     ^
2017-08-15 11:39:04 ERROR  : ОШИБКА:  ошибка синтаксиса (примерное положение: "OFF")
LINE 1: SET AUTOCOMMIT OFF;
                       ^
2017-08-15 11:45:33 ERROR  : ОШИБКА:  ошибка синтаксиса (примерное положение: "INSERT")
LINE 2: INSERT INTO city VALUES (5, 'Milan');
        ^
2017-08-15 11:46:16 ERROR  : ОШИБКА:  ошибка синтаксиса (примерное положение: "COMMIT")
LINE 1: ROLLBACK COMMIT;
                 ^
2017-08-16 14:49:33 ERROR  : ОШИБКА:  ошибка синтаксиса (примерное положение: "(")
LINE 1: ...tudents, phonenumber INTEGER NOT NULL PRIMARY KEY (stdnum, p...
                                                             ^
2017-08-16 14:49:51 ERROR  : ОШИБКА:  ошибка синтаксиса (примерное положение: "(")
LINE 1: ...tudents, phonenumber INTEGER NOT NULL PRIMARY KEY (studnum, ...
                                                             ^
2017-08-16 14:49:56 ERROR  : ОШИБКА:  ошибка синтаксиса (примерное положение: "(")
LINE 1: ...tudents, phonenumber INTEGER NOT NULL PRIMARY KEY (studnum, ...
                                                             ^
2017-08-16 14:50:09 ERROR  : ОШИБКА:  ошибка синтаксиса (примерное положение: "(")
LINE 1: ...Students, phonenumber INTEGER NOT NULL PRIMARY KEY(studnum, ...
                                                             ^
2017-08-17 08:27:59 ERROR  : ОШИБКА:  ошибка синтаксиса (примерное положение: "(")
LINE 3:  phonenumber INTEGER NOT NULL PRIMARY KEY(studnum, phonenumb...
                                                 ^
2017-08-17 09:05:55 ERROR  : ОШИБКА:  отношение "students" не существует
2017-08-17 10:07:58 ERROR  : ОШИБКА:  отношение "students" не существует
2017-08-17 10:08:08 ERROR  : ОШИБКА:  отношение "teachers" не существует
2017-08-17 10:18:16 ERROR  : ОШИБКА:  отношение "teachers" не существует
2017-08-17 10:25:17 ERROR  : ОШИБКА:  ошибка синтаксиса (примерное положение: "REGERENCES")
LINE 1: ... university.Classes, prereqclass INTEGER NOT NULL REGERENCES...
                                                             ^
2017-08-17 10:26:40 ERROR  : ОШИБКА:  отношение "classes" не существует
LINE 1: SELECT thsiclass, slassnume, prereqclass FROM Classes, Prere...
                                                      ^
2017-08-17 10:26:57 ERROR  : ОШИБКА:  колонка "thsiclass" не существует
LINE 1: SELECT thsiclass, slassnume, prereqclass FROM university.Cla...
               ^
2017-08-17 10:27:05 ERROR  : ОШИБКА:  колонка "slassnume" не существует
LINE 1: SELECT thisclass, slassnume, prereqclass FROM university.Cla...
                          ^
2017-09-13 12:11:54 ERROR  : Error connecting to the server: ВАЖНО:  пользователь "postgres" не прошёл проверку подлинности (по паролю)

2017-09-13 12:12:05 ERROR  : Error connecting to the server: ВАЖНО:  пользователь "postgres" не прошёл проверку подлинности (по паролю)

2017-09-13 12:12:18 ERROR  : Error connecting to the server: ВАЖНО:  пользователь "postgres" не прошёл проверку подлинности (по паролю)

2017-09-26 11:44:47 ERROR  : Невозможно дождаться окончания выполнения потока (ошибка 6: the handle is invalid.)
2017-09-26 11:44:51 ERROR  : Не удалось завершить поток (ошибка 6: the handle is invalid.)
2017-09-26 11:49:21 ERROR  : ERROR:  syntax error at or near "FROM"
LINE 1: SELECT FROM * WHERE partner LIKE '%Simp%'
               ^
2017-09-26 11:49:34 ERROR  : ERROR:  syntax error at or near "*"
LINE 1: SELECT * FROM * WHERE partner LIKE '%Simp%'
                      ^
2017-09-26 11:49:57 ERROR  : ERROR:  column "partner" does not exist
LINE 1: SELECT * FROM queries_history WHERE partner LIKE '%Simp%'
                                            ^
2017-10-20 09:50:36 ERROR  : ERROR:  column "hotel_id" does not exist
LINE 1: SELECT * FROM booking WHERE hotel_id LIKE '%STARWOOD%'
                                    ^
